<?xml version="1.0" encoding="UTF-8"?>
<!-- Generated by org.testng.reporters.JUnitReportReporter -->
<testsuite hostname="rahul" failures="0" tests="1" name="com.SeleniumProject.tests.ExtentReportDemo" time="7.749" errors="0" timestamp="2025-07-16T22:14:15 IST" skipped="0">
  <testcase classname="com.SeleniumProject.tests.ExtentReportDemo" name="initialDemo" time="7.749"/>
</testsuite> <!-- com.SeleniumProject.tests.ExtentReportDemo -->
