<?xml version="1.0" encoding="UTF-8"?>
<!-- Generated by org.testng.reporters.JUnitReportReporter -->
<testsuite hostname="rahul" failures="0" tests="1" name="com.SeleniumProject.project.AppTest" time="0.002" errors="0" timestamp="2025-05-29T07:29:23 IST" skipped="0">
  <testcase classname="com.SeleniumProject.project.AppTest" name="testApp" time="0.002"/>
</testsuite> <!-- com.SeleniumProject.project.AppTest -->
